#-----------------------------------------------------------
# Vivado v2024.2 (64-bit)
# SW Build 5239630 on Fri Nov 08 22:35:27 MST 2024
# IP Build 5239520 on Sun Nov 10 16:12:51 MST 2024
# SharedData Build 5239561 on Fri Nov 08 14:39:27 MST 2024
# Start of session at: Wed Nov 26 11:02:38 2025
# Process ID         : 15292
# Current directory  : C:/Users/gsfei/OneDrive/Desktop/Weak-RoPUF/Vivado
# Command line       : vivado.exe -gui_launcher_event rodinguilauncherevent20076 C:\Users\gsfei\OneDrive\Desktop\Weak-RoPUF\Vivado\Vivado.xpr
# Log file           : C:/Users/gsfei/OneDrive/Desktop/Weak-RoPUF/Vivado/vivado.log
# Journal file       : C:/Users/gsfei/OneDrive/Desktop/Weak-RoPUF/Vivado\vivado.jou
# Running On         : geo
# Platform           : Windows Server 2016 or Windows 10
# Operating System   : 26200
# Processor Detail   : AMD Ryzen AI 9 HX 375 w/ Radeon 890M           
# CPU Frequency      : 1996 MHz
# CPU Physical cores : 12
# CPU Logical cores  : 24
# Host memory        : 33620 MB
# Swap memory        : 2147 MB
# Total Virtual      : 35768 MB
# Available Virtual  : 21718 MB
#-----------------------------------------------------------
start_gui
open_project C:/Users/gsfei/OneDrive/Desktop/Weak-RoPUF/Vivado/Vivado.xpr
Scanning sources...
Finished scanning sources
INFO: [IP_Flow 19-234] Refreshing IP repositories
INFO: [IP_Flow 19-1700] Loaded user IP repository 'c:/Users/gsfei/OneDrive/Desktop/Weak-RoPUF/ip_repo/ROPUF_1_0'.
INFO: [IP_Flow 19-2313] Loaded Vivado IP repository 'C:/Xilinx/Vivado/2024.2/data/ip'.
update_compile_order -fileset sources_1
xhub::refresh_catalog [xhub::get_xstores xilinx_board_store]
xhub::refresh_catalog: Time (s): cpu = 00:00:06 ; elapsed = 00:01:11 . Memory (MB): peak = 1249.152 ; gain = 4.527
set_property part xc7s50csga324-2 [current_project]
WARNING: [Ipconfig 75-871] Could not load NoC clock tree from device
WARNING: [Ipconfig 75-570] Unable to create NoC or AIE Models.
set_property top {} [current_fileset]
open_bd_design {C:/Users/gsfei/OneDrive/Desktop/Weak-RoPUF/Vivado/Vivado.srcs/sources_1/bd/design_1/design_1.bd}
Reading block design file <C:/Users/gsfei/OneDrive/Desktop/Weak-RoPUF/Vivado/Vivado.srcs/sources_1/bd/design_1/design_1.bd>...
Adding component instance block -- xilinx.com:ip:processing_system7:5.5 - processing_system7_0
Successfully read diagram <design_1> from block design file <C:/Users/gsfei/OneDrive/Desktop/Weak-RoPUF/Vivado/Vivado.srcs/sources_1/bd/design_1/design_1.bd>
delete_bd_objs [get_bd_intf_nets processing_system7_0_DDR] [get_bd_intf_nets processing_system7_0_FIXED_IO] [get_bd_cells processing_system7_0]
delete_bd_objs [get_bd_intf_ports FIXED_IO]
delete_bd_objs [get_bd_intf_ports DDR]
remove_files  C:/Users/gsfei/OneDrive/Desktop/Weak-RoPUF/Vivado/Vivado.srcs/sources_1/bd/design_1/design_1.bd
Wrote  : <C:/Users/gsfei/OneDrive/Desktop/Weak-RoPUF/Vivado/Vivado.srcs/sources_1/bd/design_1/ui/bd_1f5defd0.ui> 
create_bd_design "design_1"
Wrote  : <C:\Users\gsfei\OneDrive\Desktop\Weak-RoPUF\Vivado\Vivado.srcs\sources_1\bd\design_1\design_1.bd> 
startgroup
create_bd_cell -type ip -vlnv xilinx.com:ip:microblaze:11.0 microblaze_0
endgroup
apply_bd_automation -rule xilinx.com:bd_rule:microblaze -config { all {1} axi_intc {0} axi_periph {Enabled} cache {None} clk {New Clocking Wizard} compress {1} cores {1} debug_module {Debug Only} disable {1} ecc {None} local_mem {16KB} preset {None}}  [get_bd_cells microblaze_0]
INFO: [Device 21-403] Loading part xc7s50csga324-2
create_bd_cell: Time (s): cpu = 00:00:03 ; elapsed = 00:00:14 . Memory (MB): peak = 1667.148 ; gain = 112.297
apply_bd_automation: Time (s): cpu = 00:00:07 ; elapsed = 00:00:18 . Memory (MB): peak = 1667.176 ; gain = 112.324
startgroup
delete_bd_objs [get_bd_intf_nets microblaze_0_ilmb_1] [get_bd_intf_nets microblaze_0_debug] [get_bd_intf_nets microblaze_0_dlmb_1]
delete_bd_objs [get_bd_nets microblaze_0_Clk] [get_bd_nets rst_clk_wiz_1_100M_bus_struct_reset] [get_bd_nets clk_wiz_1_locked] [get_bd_nets rst_clk_wiz_1_100M_mb_reset] [get_bd_nets mdm_1_debug_sys_rst]
delete_bd_objs [get_bd_cells microblaze_0_local_memory]
delete_bd_objs [get_bd_cells clk_wiz_1] [get_bd_cells mdm_1] [get_bd_cells microblaze_0] [get_bd_cells rst_clk_wiz_1_100M]
endgroup
set_property part xc7s25csga324-1 [current_project]
WARNING: [Ipconfig 75-871] Could not load NoC clock tree from device
WARNING: [Ipconfig 75-570] Unable to create NoC or AIE Models.
remove_files  C:/Users/gsfei/OneDrive/Desktop/Weak-RoPUF/Vivado/Vivado.srcs/sources_1/bd/design_1/design_1.bd
Wrote  : <C:/Users/gsfei/OneDrive/Desktop/Weak-RoPUF/Vivado/Vivado.srcs/sources_1/bd/design_1/ui/bd_1f5defd0.ui> 
add_files -fileset constrs_1 -norecurse C:/Users/gsfei/Downloads/Urbana.xdc
import_files -fileset constrs_1 C:/Users/gsfei/Downloads/Urbana.xdc
create_bd_design "design_1"
Wrote  : <C:\Users\gsfei\OneDrive\Desktop\Weak-RoPUF\Vivado\Vivado.srcs\sources_1\bd\design_1\design_1.bd> 
startgroup
create_bd_cell -type ip -vlnv xilinx.com:ip:clk_wiz:6.0 clk_wiz_0
INFO: [Device 21-403] Loading part xc7s25csga324-1
endgroup
delete_bd_objs [get_bd_cells clk_wiz_0]
create_bd_port -dir I -type clk -freq_hz 100000000 CLK_100MHZ
delete_bd_objs [get_bd_ports CLK_100MHZ]
remove_files  C:/Users/gsfei/OneDrive/Desktop/Weak-RoPUF/Vivado/Vivado.srcs/sources_1/bd/design_1/design_1.bd
Wrote  : <C:/Users/gsfei/OneDrive/Desktop/Weak-RoPUF/Vivado/Vivado.srcs/sources_1/bd/design_1/ui/bd_1f5defd0.ui> 
add_files -norecurse -scan_for_includes {C:/Users/gsfei/OneDrive/Desktop/Weak-RoPUF/src/hw/ring_osc.sv C:/Users/gsfei/OneDrive/Desktop/Weak-RoPUF/src/hw/ro_counter.sv C:/Users/gsfei/OneDrive/Desktop/Weak-RoPUF/src/hw/top_level.sv C:/Users/gsfei/OneDrive/Desktop/Weak-RoPUF/src/hw/ro_puf.sv}
update_compile_order -fileset sources_1
update_compile_order -fileset sources_1
launch_runs synth_1 -jobs 24
WARNING: [Vivado 12-7122] Auto Incremental Compile:: No reference checkpoint was found in run synth_1. Auto-incremental flow will not be run, the standard flow will be run instead.
[Wed Nov 26 12:01:34 2025] Launched synth_1...
Run output will be captured here: C:/Users/gsfei/OneDrive/Desktop/Weak-RoPUF/Vivado/Vivado.runs/synth_1/runme.log
launch_runs impl_1 -jobs 24
[Wed Nov 26 12:10:32 2025] Launched impl_1...
Run output will be captured here: C:/Users/gsfei/OneDrive/Desktop/Weak-RoPUF/Vivado/Vivado.runs/impl_1/runme.log
launch_runs impl_1 -to_step write_bitstream -jobs 24
[Wed Nov 26 12:12:20 2025] Launched impl_1...
Run output will be captured here: C:/Users/gsfei/OneDrive/Desktop/Weak-RoPUF/Vivado/Vivado.runs/impl_1/runme.log
reset_run impl_1 -prev_step 
launch_runs impl_1 -to_step write_bitstream -jobs 24
[Wed Nov 26 12:13:40 2025] Launched impl_1...
Run output will be captured here: C:/Users/gsfei/OneDrive/Desktop/Weak-RoPUF/Vivado/Vivado.runs/impl_1/runme.log
reset_run impl_1 -prev_step 
launch_runs impl_1 -to_step write_bitstream -jobs 24
[Wed Nov 26 12:14:43 2025] Launched impl_1...
Run output will be captured here: C:/Users/gsfei/OneDrive/Desktop/Weak-RoPUF/Vivado/Vivado.runs/impl_1/runme.log
reset_run synth_1
INFO: [Project 1-1160] Copying file C:/Users/gsfei/OneDrive/Desktop/Weak-RoPUF/Vivado/Vivado.runs/synth_1/top_level.dcp to C:/Users/gsfei/OneDrive/Desktop/Weak-RoPUF/Vivado/Vivado.srcs/utils_1/imports/synth_1 and adding it to utils fileset
launch_runs synth_1 -jobs 24
[Wed Nov 26 12:17:37 2025] Launched synth_1...
Run output will be captured here: C:/Users/gsfei/OneDrive/Desktop/Weak-RoPUF/Vivado/Vivado.runs/synth_1/runme.log
launch_runs impl_1 -jobs 24
[Wed Nov 26 12:18:16 2025] Launched impl_1...
Run output will be captured here: C:/Users/gsfei/OneDrive/Desktop/Weak-RoPUF/Vivado/Vivado.runs/impl_1/runme.log
launch_runs impl_1 -to_step write_bitstream -jobs 24
[Wed Nov 26 12:20:06 2025] Launched impl_1...
Run output will be captured here: C:/Users/gsfei/OneDrive/Desktop/Weak-RoPUF/Vivado/Vivado.runs/impl_1/runme.log
reset_run synth_1
INFO: [Project 1-1161] Replacing file C:/Users/gsfei/OneDrive/Desktop/Weak-RoPUF/Vivado/Vivado.srcs/utils_1/imports/synth_1/top_level.dcp with file C:/Users/gsfei/OneDrive/Desktop/Weak-RoPUF/Vivado/Vivado.runs/synth_1/top_level.dcp
launch_runs synth_1 -jobs 24
[Wed Nov 26 12:24:24 2025] Launched synth_1...
Run output will be captured here: C:/Users/gsfei/OneDrive/Desktop/Weak-RoPUF/Vivado/Vivado.runs/synth_1/runme.log
launch_runs impl_1 -jobs 24
[Wed Nov 26 12:25:02 2025] Launched impl_1...
Run output will be captured here: C:/Users/gsfei/OneDrive/Desktop/Weak-RoPUF/Vivado/Vivado.runs/impl_1/runme.log
launch_runs impl_1 -to_step write_bitstream -jobs 24
[Wed Nov 26 12:25:48 2025] Launched impl_1...
Run output will be captured here: C:/Users/gsfei/OneDrive/Desktop/Weak-RoPUF/Vivado/Vivado.runs/impl_1/runme.log
reset_run synth_1
INFO: [Project 1-1161] Replacing file C:/Users/gsfei/OneDrive/Desktop/Weak-RoPUF/Vivado/Vivado.srcs/utils_1/imports/synth_1/top_level.dcp with file C:/Users/gsfei/OneDrive/Desktop/Weak-RoPUF/Vivado/Vivado.runs/synth_1/top_level.dcp
launch_runs synth_1 -jobs 24
[Wed Nov 26 12:30:30 2025] Launched synth_1...
Run output will be captured here: C:/Users/gsfei/OneDrive/Desktop/Weak-RoPUF/Vivado/Vivado.runs/synth_1/runme.log
reset_run synth_1
INFO: [Project 1-1161] Replacing file C:/Users/gsfei/OneDrive/Desktop/Weak-RoPUF/Vivado/Vivado.srcs/utils_1/imports/synth_1/top_level.dcp with file C:/Users/gsfei/OneDrive/Desktop/Weak-RoPUF/Vivado/Vivado.runs/synth_1/top_level.dcp
launch_runs synth_1 -jobs 24
[Wed Nov 26 12:33:33 2025] Launched synth_1...
Run output will be captured here: C:/Users/gsfei/OneDrive/Desktop/Weak-RoPUF/Vivado/Vivado.runs/synth_1/runme.log
launch_runs impl_1 -jobs 24
[Wed Nov 26 12:34:14 2025] Launched impl_1...
Run output will be captured here: C:/Users/gsfei/OneDrive/Desktop/Weak-RoPUF/Vivado/Vivado.runs/impl_1/runme.log
launch_runs impl_1 -to_step write_bitstream -jobs 24
[Wed Nov 26 12:35:37 2025] Launched impl_1...
Run output will be captured here: C:/Users/gsfei/OneDrive/Desktop/Weak-RoPUF/Vivado/Vivado.runs/impl_1/runme.log
copy_run -name synth_1_copy_1 [get_runs synth_1] 
synth_1_copy_1
set_property part xc7s25csga324-2 [current_project]
CRITICAL WARNING: [Runs 36-291] Incremental checkpoint part, 'xc7s25csga324-1', does not match run part, 'xc7s25csga324-2', for run 'synth_1'.
CRITICAL WARNING: [Runs 36-291] Incremental checkpoint part, 'xc7s25csga324-1', does not match run part, 'xc7s25csga324-2', for run 'synth_1_copy_1'.
WARNING: [Ipconfig 75-871] Could not load NoC clock tree from device
WARNING: [Ipconfig 75-570] Unable to create NoC or AIE Models.
reset_run synth_1
INFO: [Project 1-1161] Replacing file C:/Users/gsfei/OneDrive/Desktop/Weak-RoPUF/Vivado/Vivado.srcs/utils_1/imports/synth_1/top_level.dcp with file C:/Users/gsfei/OneDrive/Desktop/Weak-RoPUF/Vivado/Vivado.runs/synth_1/top_level.dcp
launch_runs synth_1 -jobs 24
[Wed Nov 26 13:34:54 2025] Launched synth_1...
Run output will be captured here: C:/Users/gsfei/OneDrive/Desktop/Weak-RoPUF/Vivado/Vivado.runs/synth_1/runme.log
copy_run -name synth_1_copy_2 [get_runs synth_1] 
CRITICAL WARNING: [Runs 36-271] Incremental checkpoint part, xc7s25csga324-1, does not match run part, xc7s25csga324-2.
synth_1_copy_2
set_property part xc7s50csga324-1 [current_project]
CRITICAL WARNING: [Runs 36-291] Incremental checkpoint part, 'xc7s25csga324-1', does not match run part, 'xc7s50csga324-1', for run 'synth_1'.
CRITICAL WARNING: [Runs 36-291] Incremental checkpoint part, 'xc7s25csga324-1', does not match run part, 'xc7s50csga324-1', for run 'synth_1_copy_1'.
CRITICAL WARNING: [Runs 36-291] Incremental checkpoint part, 'xc7s25csga324-1', does not match run part, 'xc7s50csga324-1', for run 'synth_1_copy_2'.
WARNING: [Ipconfig 75-871] Could not load NoC clock tree from device
WARNING: [Ipconfig 75-570] Unable to create NoC or AIE Models.
reset_run synth_1
INFO: [Project 1-1161] Replacing file C:/Users/gsfei/OneDrive/Desktop/Weak-RoPUF/Vivado/Vivado.srcs/utils_1/imports/synth_1/top_level.dcp with file C:/Users/gsfei/OneDrive/Desktop/Weak-RoPUF/Vivado/Vivado.runs/synth_1/top_level.dcp
launch_runs synth_1 -jobs 24
[Wed Nov 26 13:36:09 2025] Launched synth_1...
Run output will be captured here: C:/Users/gsfei/OneDrive/Desktop/Weak-RoPUF/Vivado/Vivado.runs/synth_1/runme.log
launch_runs impl_1 -jobs 24
[Wed Nov 26 13:36:47 2025] Launched impl_1...
Run output will be captured here: C:/Users/gsfei/OneDrive/Desktop/Weak-RoPUF/Vivado/Vivado.runs/impl_1/runme.log
launch_runs impl_1 -to_step write_bitstream -jobs 24
[Wed Nov 26 13:37:32 2025] Launched impl_1...
Run output will be captured here: C:/Users/gsfei/OneDrive/Desktop/Weak-RoPUF/Vivado/Vivado.runs/impl_1/runme.log
open_run impl_1
INFO: [Device 21-403] Loading part xc7s50csga324-1
Netlist sorting complete. Time (s): cpu = 00:00:00 ; elapsed = 00:00:00.020 . Memory (MB): peak = 2538.199 ; gain = 0.000
INFO: [Netlist 29-17] Analyzing 576 Unisim elements for replacement
INFO: [Netlist 29-28] Unisim Transformation completed in 0 CPU seconds
INFO: [Project 1-479] Netlist was created with Vivado 2024.2
INFO: [Project 1-570] Preparing netlist for logic optimization
Read ShapeDB Complete: Time (s): cpu = 00:00:00 ; elapsed = 00:00:00.014 . Memory (MB): peak = 2629.836 ; gain = 1.477
INFO: [Timing 38-478] Restoring timing data from binary archive.
INFO: [Timing 38-479] Binary timing data restore complete.
INFO: [Project 1-856] Restoring constraints from binary archive.
INFO: [Project 1-853] Binary constraint restore complete.
INFO: [Designutils 20-5722] Start Reading Physical Databases.
Reading placement.
Read Netlist Cache: Time (s): cpu = 00:00:00 ; elapsed = 00:00:00.003 . Memory (MB): peak = 3124.777 ; gain = 0.000
Reading placer database...
Read Device Cache: Time (s): cpu = 00:00:00 ; elapsed = 00:00:00.004 . Memory (MB): peak = 3124.777 ; gain = 0.000
Read PlaceDB: Time (s): cpu = 00:00:00 ; elapsed = 00:00:00.094 . Memory (MB): peak = 3124.777 ; gain = 0.000
Read PulsedLatchDB: Time (s): cpu = 00:00:00 ; elapsed = 00:00:00 . Memory (MB): peak = 3124.777 ; gain = 0.000
Reading routing.
Read RouteStorage: Time (s): cpu = 00:00:00 ; elapsed = 00:00:00.025 . Memory (MB): peak = 3124.777 ; gain = 0.000
Read Physdb Files: Time (s): cpu = 00:00:00 ; elapsed = 00:00:00.134 . Memory (MB): peak = 3124.777 ; gain = 0.000
Restored from archive | CPU: 0.000000 secs | Memory: 0.000000 MB |
Finished XDEF File Restore: Time (s): cpu = 00:00:00 ; elapsed = 00:00:00.134 . Memory (MB): peak = 3124.777 ; gain = 0.000
Netlist sorting complete. Time (s): cpu = 00:00:00 ; elapsed = 00:00:00 . Memory (MB): peak = 3124.777 ; gain = 0.000
INFO: [Project 1-111] Unisim Transformation Summary:
No Unisim elements were transformed.

open_run: Time (s): cpu = 00:00:13 ; elapsed = 00:00:09 . Memory (MB): peak = 3143.258 ; gain = 632.926
WARNING: [Timing 38-313] There are no user specified timing constraints. Timing constraints are needed for proper timing analysis.
open_hw_manager
connect_hw_server -allow_non_jtag
INFO: [Labtools 27-2285] Connecting to hw_server url TCP:localhost:3121
INFO: [Labtools 27-2222] Launching hw_server...
INFO: [Labtools 27-2221] Launch Output:

****** Xilinx hw_server v2024.2
  **** Build date : Oct 29 2024 at 10:25:41
    ** Copyright 1986-2022 Xilinx, Inc. All Rights Reserved.


INFO: [Labtools 27-3415] Connecting to cs_server url TCP:localhost:0
INFO: [Labtools 27-3417] Launching cs_server...
INFO: [Labtools 27-2221] Launch Output:


******** Xilinx cs_server v2024.2.0
  ****** Build date   : Oct 30 2024-14:19:07
    **** Build number : 2024.2.1730312347
      ** Copyright 2017-2022 Xilinx, Inc. All Rights Reserved.
      ** Copyright 2022-2025 Advanced Micro Devices, Inc. All Rights Reserved.



connect_hw_server: Time (s): cpu = 00:00:00 ; elapsed = 00:00:06 . Memory (MB): peak = 3143.258 ; gain = 0.000
disconnect_hw_server localhost:3121
connect_hw_server -allow_non_jtag
INFO: [Labtools 27-2285] Connecting to hw_server url TCP:localhost:3121
INFO: [Labtools 27-3415] Connecting to cs_server url TCP:localhost:0
INFO: [Labtools 27-3417] Launching cs_server...
INFO: [Labtools 27-2221] Launch Output:


******** Xilinx cs_server v2024.2.0
  ****** Build date   : Oct 30 2024-14:19:07
    **** Build number : 2024.2.1730312347
      ** Copyright 2017-2022 Xilinx, Inc. All Rights Reserved.
      ** Copyright 2022-2025 Advanced Micro Devices, Inc. All Rights Reserved.



disconnect_hw_server localhost:3121
connect_hw_server -allow_non_jtag
INFO: [Labtools 27-2285] Connecting to hw_server url TCP:localhost:3121
INFO: [Labtools 27-2222] Launching hw_server...
INFO: [Labtools 27-2221] Launch Output:

****** Xilinx hw_server v2024.2
  **** Build date : Oct 29 2024 at 10:25:41
    ** Copyright 1986-2022 Xilinx, Inc. All Rights Reserved.


INFO: [Labtools 27-3415] Connecting to cs_server url TCP:localhost:0
INFO: [Labtools 27-3417] Launching cs_server...
INFO: [Labtools 27-2221] Launch Output:


******** Xilinx cs_server v2024.2.0
  ****** Build date   : Oct 30 2024-14:19:07
    **** Build number : 2024.2.1730312347
      ** Copyright 2017-2022 Xilinx, Inc. All Rights Reserved.
      ** Copyright 2022-2025 Advanced Micro Devices, Inc. All Rights Reserved.



disconnect_hw_server localhost:3121
exit
INFO: [Common 17-206] Exiting Vivado at Wed Nov 26 13:57:23 2025...
